<?xml version="1.0" encoding="UTF-8"?>
<!-- Generated by org.testng.reporters.JUnitReportReporter -->
<testsuite hostname="MEDA" failures="0" tests="1" name="Scripts.ValidatedashboardtFunctionality" time="14.644" errors="0" timestamp="2024-02-12T19:51:04 IST" skipped="0">
  <testcase classname="Scripts.ValidatedashboardtFunctionality" name="validatelogin" time="14.644"/>
  <system-out/>
</testsuite> <!-- Scripts.ValidatedashboardtFunctionality -->
