<?xml version="1.0" encoding="UTF-8"?>
<!-- Generated by org.testng.reporters.JUnitReportReporter -->
<testsuite hostname="MEDA" failures="0" tests="2" name="Scripts.ValidateContactUsFunctionality" time="69.187" errors="0" timestamp="2024-03-02T18:36:29 IST" skipped="0">
  <testcase classname="Scripts.ValidateContactUsFunctionality" name="validatelogin" time="15.358"/>
  <system-out/>
  <testcase classname="Scripts.ValidateContactUsFunctionality" name="validatecontactus" time="53.829"/>
  <system-out/>
</testsuite> <!-- Scripts.ValidateContactUsFunctionality -->
