<?xml version="1.0" encoding="UTF-8"?>
<!-- Generated by org.testng.reporters.JUnitReportReporter -->
<testsuite hostname="MEDA" failures="0" tests="2" name="Scripts.ValidateUserInformationFunctionality" time="26.404" errors="0" timestamp="2024-03-02T18:15:34 IST" skipped="0">
  <testcase classname="Scripts.ValidateUserInformationFunctionality" name="validatelogin" time="15.308"/>
  <system-out/>
  <testcase classname="Scripts.ValidateUserInformationFunctionality" name="validateuserinformationt" time="11.096"/>
  <system-out/>
</testsuite> <!-- Scripts.ValidateUserInformationFunctionality -->
