<?xml version="1.0" encoding="UTF-8"?>
<!-- Generated by org.testng.reporters.JUnitReportReporter -->
<testsuite hostname="MEDA" failures="0" tests="2" name="Scripts.ValidateUploadPhotoFunctionality" time="368.895" errors="0" timestamp="2024-02-12T20:33:31 IST" skipped="0">
  <testcase classname="Scripts.ValidateUploadPhotoFunctionality" name="validatelogin" time="14.585"/>
  <system-out/>
  <testcase classname="Scripts.ValidateUploadPhotoFunctionality" name="validateAbout" time="354.310"/>
  <system-out>
    <![CDATA[captureScreen method called
<a href='C:\Users\suvar\OneDrive\Documents\project\testing\screenshots\uploadc75776e0-c7fe-4681-831e-369885f1fc4b_12_02_2024_08_33_30.png'><img src='C:\Users\suvar\OneDrive\Documents\project\testing\screenshots\uploadc75776e0-c7fe-4681-831e-369885f1fc4b_12_02_2024_08_33_30.png'height='100' width='100'/></a>]]>
  </system-out>
</testsuite> <!-- Scripts.ValidateUploadPhotoFunctionality -->
