<?xml version="1.0" encoding="UTF-8"?>
<!-- Generated by org.testng.reporters.JUnitReportReporter -->
<testsuite hostname="MEDA" failures="0" tests="2" name="Scripts.ValidateStepstoFollowFunctionality" time="26.521" errors="0" timestamp="2024-03-02T18:11:08 IST" skipped="0">
  <testcase classname="Scripts.ValidateStepstoFollowFunctionality" name="validatelogin" time="15.343"/>
  <system-out/>
  <testcase classname="Scripts.ValidateStepstoFollowFunctionality" name="validateSteptoFollow" time="11.178"/>
  <system-out/>
</testsuite> <!-- Scripts.ValidateStepstoFollowFunctionality -->
