<?xml version="1.0" encoding="UTF-8"?>
<!-- Generated by org.testng.reporters.JUnitReportReporter -->
<testsuite hostname="MEDA" failures="0" tests="1" name="Scripts.ValidateSensorDataFunctionality" time="44.098" errors="0" timestamp="2024-02-20T21:16:50 IST" skipped="0">
  <testcase classname="Scripts.ValidateSensorDataFunctionality" name="validatelogin" time="44.098"/>
  <system-out/>
</testsuite> <!-- Scripts.ValidateSensorDataFunctionality -->
