<?xml version="1.0" encoding="UTF-8"?>
<!-- Generated by org.testng.reporters.JUnitReportReporter -->
<testsuite hostname="MEDA" failures="0" tests="2" name="Scripts.ValidateAboutFunctionality" time="26.441" errors="0" timestamp="2024-03-02T18:03:38 IST" skipped="0">
  <testcase classname="Scripts.ValidateAboutFunctionality" name="validatelogin" time="15.328"/>
  <system-out/>
  <testcase classname="Scripts.ValidateAboutFunctionality" name="validateAbout" time="11.113"/>
  <system-out/>
</testsuite> <!-- Scripts.ValidateAboutFunctionality -->
