<?xml version="1.0" encoding="UTF-8"?>
<!-- Generated by org.testng.reporters.JUnitReportReporter -->
<testsuite hostname="MEDA" failures="0" tests="1" name="Scripts.ValidateSignUpFunctionality" time="0.102" errors="0" timestamp="2024-03-02T18:40:20 IST" skipped="0">
  <testcase classname="Scripts.ValidateSignUpFunctionality" name="validatelogin" time="0.102"/>
  <system-out/>
</testsuite> <!-- Scripts.ValidateSignUpFunctionality -->
